0 info it worked if it ends with ok
1 verbose cli [ '/usr/local/bin/node', '/usr/local/bin/npm', 'start' ]
2 info using npm@5.8.0
3 info using node@v8.10.0
4 verbose run-script [ 'prestart', 'start', 'poststart' ]
5 info lifecycle resource-manager@0.0.0~prestart: resource-manager@0.0.0
6 info lifecycle resource-manager@0.0.0~start: resource-manager@0.0.0
7 verbose lifecycle resource-manager@0.0.0~start: unsafe-perm in lifecycle true
8 verbose lifecycle resource-manager@0.0.0~start: PATH: /usr/local/lib/node_modules/npm/node_modules/npm-lifecycle/node-gyp-bin:/Users/zhimingxu/Angular-project/resource-manager/node_modules/.bin:/opt/apache-maven-3.5.0/bin:/usr/local/bin:/usr/bin:/bin:/usr/sbin:/sbin:/opt/apache-maven-3.5.0/bin
9 verbose lifecycle resource-manager@0.0.0~start: CWD: /Users/zhimingxu/Angular-project/resource-manager
10 silly lifecycle resource-manager@0.0.0~start: Args: [ '-c', 'ng serve --proxy-config proxy.conf.json --open' ]
11 silly lifecycle resource-manager@0.0.0~start: Returned: code: 1  signal: null
12 info lifecycle resource-manager@0.0.0~start: Failed to exec start script
13 verbose stack Error: resource-manager@0.0.0 start: `ng serve --proxy-config proxy.conf.json --open`
13 verbose stack Exit status 1
13 verbose stack     at EventEmitter.<anonymous> (/usr/local/lib/node_modules/npm/node_modules/npm-lifecycle/index.js:283:16)
13 verbose stack     at emitTwo (events.js:126:13)
13 verbose stack     at EventEmitter.emit (events.js:214:7)
13 verbose stack     at ChildProcess.<anonymous> (/usr/local/lib/node_modules/npm/node_modules/npm-lifecycle/lib/spawn.js:55:14)
13 verbose stack     at emitTwo (events.js:126:13)
13 verbose stack     at ChildProcess.emit (events.js:214:7)
13 verbose stack     at maybeClose (internal/child_process.js:925:16)
13 verbose stack     at Process.ChildProcess._handle.onexit (internal/child_process.js:209:5)
14 verbose pkgid resource-manager@0.0.0
15 verbose cwd /Users/zhimingxu/Angular-project/resource-manager
16 verbose Darwin 17.5.0
17 verbose argv "/usr/local/bin/node" "/usr/local/bin/npm" "start"
18 verbose node v8.10.0
19 verbose npm  v5.8.0
20 error code ELIFECYCLE
21 error errno 1
22 error resource-manager@0.0.0 start: `ng serve --proxy-config proxy.conf.json --open`
22 error Exit status 1
23 error Failed at the resource-manager@0.0.0 start script.
23 error This is probably not a problem with npm. There is likely additional logging output above.
24 verbose exit [ 1, true ]
